2024-05-05 11:19:28 [scrapy.utils.log] INFO: Scrapy 2.11.1 started (bot: emailtool)
2024-05-05 11:19:28 [scrapy.utils.log] INFO: Versions: lxml 5.2.1.0, libxml2 2.11.7, cssselect 1.2.0, parsel 1.9.1, w3lib 2.1.2, Twisted 24.3.0, Python 3.12.3 (tags/v3.12.3:f6650f9, Apr  9 2024, 14:05:25) [MSC v.1938 64 bit (AMD64)], pyOpenSSL 24.1.0 (OpenSSL 3.2.1 30 Jan 2024), cryptography 42.0.5, Platform Windows-11-10.0.22631-SP0
2024-05-05 11:19:28 [scrapy.addons] INFO: Enabled addons:
[]
2024-05-05 11:19:28 [asyncio] DEBUG: Using selector: SelectSelector
2024-05-05 11:19:28 [scrapy.utils.log] DEBUG: Using reactor: twisted.internet.asyncioreactor.AsyncioSelectorReactor
2024-05-05 11:19:28 [scrapy.utils.log] DEBUG: Using asyncio event loop: asyncio.windows_events._WindowsSelectorEventLoop
2024-05-05 11:19:28 [scrapy.extensions.telnet] INFO: Telnet Password: bc8b843295e092e0
2024-05-05 11:19:28 [scrapy.middleware] INFO: Enabled extensions:
['scrapy.extensions.corestats.CoreStats',
 'scrapy.extensions.telnet.TelnetConsole',
 'scrapy.extensions.logstats.LogStats']
2024-05-05 11:19:28 [scrapy.crawler] INFO: Overridden settings:
{'BOT_NAME': 'emailtool',
 'FEED_EXPORT_ENCODING': 'utf-8',
 'LOG_FILE': 'logs\\default\\email_spider\\376371d80aa311ef82e9b48c9d086f30.log',
 'NEWSPIDER_MODULE': 'emailtool.spiders',
 'REQUEST_FINGERPRINTER_IMPLEMENTATION': '2.7',
 'ROBOTSTXT_OBEY': True,
 'SPIDER_MODULES': ['emailtool.spiders'],
 'TWISTED_REACTOR': 'twisted.internet.asyncioreactor.AsyncioSelectorReactor'}
2024-05-05 11:19:29 [scrapy.middleware] INFO: Enabled downloader middlewares:
['scrapy.downloadermiddlewares.robotstxt.RobotsTxtMiddleware',
 'scrapy.downloadermiddlewares.httpauth.HttpAuthMiddleware',
 'scrapy.downloadermiddlewares.downloadtimeout.DownloadTimeoutMiddleware',
 'scrapy.downloadermiddlewares.defaultheaders.DefaultHeadersMiddleware',
 'scrapy.downloadermiddlewares.useragent.UserAgentMiddleware',
 'scrapy.downloadermiddlewares.retry.RetryMiddleware',
 'scrapy.downloadermiddlewares.redirect.MetaRefreshMiddleware',
 'scrapy.downloadermiddlewares.httpcompression.HttpCompressionMiddleware',
 'scrapy.downloadermiddlewares.redirect.RedirectMiddleware',
 'scrapy.downloadermiddlewares.cookies.CookiesMiddleware',
 'scrapy.downloadermiddlewares.httpproxy.HttpProxyMiddleware',
 'scrapy.downloadermiddlewares.stats.DownloaderStats']
2024-05-05 11:19:29 [scrapy.middleware] INFO: Enabled spider middlewares:
['scrapy.spidermiddlewares.httperror.HttpErrorMiddleware',
 'scrapy.spidermiddlewares.offsite.OffsiteMiddleware',
 'scrapy.spidermiddlewares.referer.RefererMiddleware',
 'scrapy.spidermiddlewares.urllength.UrlLengthMiddleware',
 'scrapy.spidermiddlewares.depth.DepthMiddleware']
2024-05-05 11:19:29 [scrapy.middleware] INFO: Enabled item pipelines:
[]
2024-05-05 11:19:29 [scrapy.core.engine] INFO: Spider opened
2024-05-05 11:19:29 [scrapy.extensions.logstats] INFO: Crawled 0 pages (at 0 pages/min), scraped 0 items (at 0 items/min)
2024-05-05 11:19:29 [scrapy.extensions.telnet] INFO: Telnet console listening on 127.0.0.1:6023
2024-05-05 11:19:30 [scrapy.core.engine] DEBUG: Crawled (404) <GET https://www.googleapis.com/robots.txt> (referer: None)
2024-05-05 11:19:30 [protego] DEBUG: Rule at line 7 without any user agent to enforce it on.
2024-05-05 11:19:31 [scrapy.core.engine] DEBUG: Crawled (200) <GET https://www.googleapis.com/customsearch/v1?key=AIzaSyB4dnSFOXIY2o6Ujl-wD212RlxklfrlNyo&cx=c0efd18568f864abd&q=react> (referer: None)
2024-05-05 11:19:31 [scrapy.dupefilters] DEBUG: Filtered duplicate request: <GET https://react.dev/%22,> - no more duplicates will be shown (see DUPEFILTER_DEBUG to show all duplicates)
2024-05-05 11:19:31 [scrapy.downloadermiddlewares.robotstxt] ERROR: Error downloading <GET https://\u003cb\u003ereact\u003c/robots.txt>: Codepoint U+005C at position 1 of '\\u003cb\\u003ereact\\u003c' not allowed
Traceback (most recent call last):
  File "C:\Users\hriti\Desktop\Mail_scrapper\Mail_scrapper\Lib\site-packages\twisted\internet\defer.py", line 1999, in _inlineCallbacks
    result = context.run(
  File "C:\Users\hriti\Desktop\Mail_scrapper\Mail_scrapper\Lib\site-packages\twisted\python\failure.py", line 519, in throwExceptionIntoGenerator
    return g.throw(self.value.with_traceback(self.tb))
  File "C:\Users\hriti\Desktop\Mail_scrapper\Mail_scrapper\Lib\site-packages\scrapy\core\downloader\middleware.py", line 54, in process_request
    return (yield download_func(request=request, spider=spider))
  File "C:\Users\hriti\Desktop\Mail_scrapper\Mail_scrapper\Lib\site-packages\scrapy\utils\defer.py", line 81, in mustbe_deferred
    result = f(*args, **kw)
  File "C:\Users\hriti\Desktop\Mail_scrapper\Mail_scrapper\Lib\site-packages\scrapy\core\downloader\handlers\__init__.py", line 86, in download_request
    return cast(Deferred, handler.download_request(request, spider))
  File "C:\Users\hriti\Desktop\Mail_scrapper\Mail_scrapper\Lib\site-packages\scrapy\core\downloader\handlers\http11.py", line 72, in download_request
    return agent.download_request(request)
  File "C:\Users\hriti\Desktop\Mail_scrapper\Mail_scrapper\Lib\site-packages\scrapy\core\downloader\handlers\http11.py", line 375, in download_request
    d = agent.request(
  File "C:\Users\hriti\Desktop\Mail_scrapper\Mail_scrapper\Lib\site-packages\twisted\web\client.py", line 1166, in request
    endpoint = self._getEndpoint(parsedURI)
  File "C:\Users\hriti\Desktop\Mail_scrapper\Mail_scrapper\Lib\site-packages\twisted\web\client.py", line 1150, in _getEndpoint
    return self._endpointFactory.endpointForURI(uri)
  File "C:\Users\hriti\Desktop\Mail_scrapper\Mail_scrapper\Lib\site-packages\twisted\web\client.py", line 1021, in endpointForURI
    connectionCreator = self._policyForHTTPS.creatorForNetloc(
  File "C:\Users\hriti\Desktop\Mail_scrapper\Mail_scrapper\Lib\site-packages\scrapy\core\downloader\contextfactory.py", line 105, in creatorForNetloc
    return ScrapyClientTLSOptions(
  File "C:\Users\hriti\Desktop\Mail_scrapper\Mail_scrapper\Lib\site-packages\scrapy\core\downloader\tls.py", line 44, in __init__
    super().__init__(hostname, ctx)
  File "C:\Users\hriti\Desktop\Mail_scrapper\Mail_scrapper\Lib\site-packages\twisted\internet\_sslverify.py", line 1122, in __init__
    self._hostnameBytes = _idnaBytes(hostname)
  File "C:\Users\hriti\Desktop\Mail_scrapper\Mail_scrapper\Lib\site-packages\twisted\internet\_idna.py", line 31, in _idnaBytes
    return idna.encode(text)
  File "C:\Users\hriti\Desktop\Mail_scrapper\Mail_scrapper\Lib\site-packages\idna\core.py", line 355, in encode
    s = alabel(label)
  File "C:\Users\hriti\Desktop\Mail_scrapper\Mail_scrapper\Lib\site-packages\idna\core.py", line 258, in alabel
    ulabel(label_bytes)
  File "C:\Users\hriti\Desktop\Mail_scrapper\Mail_scrapper\Lib\site-packages\idna\core.py", line 292, in ulabel
    check_label(label_bytes)
  File "C:\Users\hriti\Desktop\Mail_scrapper\Mail_scrapper\Lib\site-packages\idna\core.py", line 250, in check_label
    raise InvalidCodepoint('Codepoint {} at position {} of {} not allowed'.format(_unot(cp_value), pos+1, repr(label)))
idna.core.InvalidCodepoint: Codepoint U+005C at position 1 of '\\u003cb\\u003ereact\\u003c' not allowed
2024-05-05 11:19:32 [scrapy.core.scraper] ERROR: Error downloading <GET https://\u003cb\u003ereact\u003c/b%5Cu003e.dev/learn%22,>
idna.core.InvalidCodepoint: Codepoint U+005C at position 1 of '\\u003cb\\u003ereact\\u003c' not allowed

During handling of the above exception, another exception occurred:

Traceback (most recent call last):
  File "C:\Users\hriti\Desktop\Mail_scrapper\Mail_scrapper\Lib\site-packages\twisted\internet\defer.py", line 1999, in _inlineCallbacks
    result = context.run(
  File "C:\Users\hriti\Desktop\Mail_scrapper\Mail_scrapper\Lib\site-packages\twisted\python\failure.py", line 519, in throwExceptionIntoGenerator
    return g.throw(self.value.with_traceback(self.tb))
  File "C:\Users\hriti\Desktop\Mail_scrapper\Mail_scrapper\Lib\site-packages\scrapy\core\downloader\middleware.py", line 54, in process_request
    return (yield download_func(request=request, spider=spider))
  File "C:\Users\hriti\Desktop\Mail_scrapper\Mail_scrapper\Lib\site-packages\scrapy\utils\defer.py", line 81, in mustbe_deferred
    result = f(*args, **kw)
  File "C:\Users\hriti\Desktop\Mail_scrapper\Mail_scrapper\Lib\site-packages\scrapy\core\downloader\handlers\__init__.py", line 86, in download_request
    return cast(Deferred, handler.download_request(request, spider))
  File "C:\Users\hriti\Desktop\Mail_scrapper\Mail_scrapper\Lib\site-packages\scrapy\core\downloader\handlers\http11.py", line 72, in download_request
    return agent.download_request(request)
  File "C:\Users\hriti\Desktop\Mail_scrapper\Mail_scrapper\Lib\site-packages\scrapy\core\downloader\handlers\http11.py", line 375, in download_request
    d = agent.request(
  File "C:\Users\hriti\Desktop\Mail_scrapper\Mail_scrapper\Lib\site-packages\twisted\web\client.py", line 1166, in request
    endpoint = self._getEndpoint(parsedURI)
  File "C:\Users\hriti\Desktop\Mail_scrapper\Mail_scrapper\Lib\site-packages\twisted\web\client.py", line 1150, in _getEndpoint
    return self._endpointFactory.endpointForURI(uri)
  File "C:\Users\hriti\Desktop\Mail_scrapper\Mail_scrapper\Lib\site-packages\twisted\web\client.py", line 1021, in endpointForURI
    connectionCreator = self._policyForHTTPS.creatorForNetloc(
  File "C:\Users\hriti\Desktop\Mail_scrapper\Mail_scrapper\Lib\site-packages\scrapy\core\downloader\contextfactory.py", line 105, in creatorForNetloc
    return ScrapyClientTLSOptions(
  File "C:\Users\hriti\Desktop\Mail_scrapper\Mail_scrapper\Lib\site-packages\scrapy\core\downloader\tls.py", line 44, in __init__
    super().__init__(hostname, ctx)
  File "C:\Users\hriti\Desktop\Mail_scrapper\Mail_scrapper\Lib\site-packages\twisted\internet\_sslverify.py", line 1122, in __init__
    self._hostnameBytes = _idnaBytes(hostname)
  File "C:\Users\hriti\Desktop\Mail_scrapper\Mail_scrapper\Lib\site-packages\twisted\internet\_idna.py", line 31, in _idnaBytes
    return idna.encode(text)
  File "C:\Users\hriti\Desktop\Mail_scrapper\Mail_scrapper\Lib\site-packages\idna\core.py", line 355, in encode
    s = alabel(label)
  File "C:\Users\hriti\Desktop\Mail_scrapper\Mail_scrapper\Lib\site-packages\idna\core.py", line 258, in alabel
    ulabel(label_bytes)
  File "C:\Users\hriti\Desktop\Mail_scrapper\Mail_scrapper\Lib\site-packages\idna\core.py", line 292, in ulabel
    check_label(label_bytes)
  File "C:\Users\hriti\Desktop\Mail_scrapper\Mail_scrapper\Lib\site-packages\idna\core.py", line 250, in check_label
    raise InvalidCodepoint('Codepoint {} at position {} of {} not allowed'.format(_unot(cp_value), pos+1, repr(label)))
idna.core.InvalidCodepoint: Codepoint U+005C at position 1 of '\\u003cb\\u003ereact\\u003c' not allowed
2024-05-05 11:19:33 [scrapy.core.engine] DEBUG: Crawled (200) <GET https://react.dev/robots.txt> (referer: None)
2024-05-05 11:19:33 [scrapy.core.engine] DEBUG: Crawled (404) <GET https://react.dev/images/og-learn.png%22> (referer: https://www.googleapis.com/customsearch/v1?key=AIzaSyB4dnSFOXIY2o6Ujl-wD212RlxklfrlNyo&cx=c0efd18568f864abd&q=react)
2024-05-05 11:19:33 [scrapy.spidermiddlewares.httperror] INFO: Ignoring response <404 https://react.dev/images/og-learn.png%22>: HTTP status code is not handled or not allowed
2024-05-05 11:19:33 [scrapy.core.engine] DEBUG: Crawled (200) <GET https://encrypted-tbn0.gstatic.com/robots.txt> (referer: None)
2024-05-05 11:19:33 [scrapy.core.engine] DEBUG: Crawled (200) <GET https://github.com/robots.txt> (referer: None)
2024-05-05 11:19:33 [scrapy.core.engine] DEBUG: Crawled (404) <GET https://react.dev/images/og-learn.png%22,> (referer: https://www.googleapis.com/customsearch/v1?key=AIzaSyB4dnSFOXIY2o6Ujl-wD212RlxklfrlNyo&cx=c0efd18568f864abd&q=react)
2024-05-05 11:19:33 [scrapy.core.engine] DEBUG: Crawled (404) <GET https://react.dev/learn%22> (referer: https://www.googleapis.com/customsearch/v1?key=AIzaSyB4dnSFOXIY2o6Ujl-wD212RlxklfrlNyo&cx=c0efd18568f864abd&q=react)
2024-05-05 11:19:34 [scrapy.core.engine] DEBUG: Crawled (404) <GET https://encrypted-tbn0.gstatic.com/images?q=tbn:and9gcsadxks0wnvode4ncpzzupygneila4ob8lmxv_ip4pemnhqnv22pyankjoz&s%22,> (referer: https://www.googleapis.com/customsearch/v1?key=AIzaSyB4dnSFOXIY2o6Ujl-wD212RlxklfrlNyo&cx=c0efd18568f864abd&q=react)
2024-05-05 11:19:34 [scrapy.spidermiddlewares.httperror] INFO: Ignoring response <404 https://react.dev/images/og-learn.png%22,>: HTTP status code is not handled or not allowed
2024-05-05 11:19:34 [scrapy.spidermiddlewares.httperror] INFO: Ignoring response <404 https://react.dev/learn%22>: HTTP status code is not handled or not allowed
2024-05-05 11:19:34 [scrapy.spidermiddlewares.httperror] INFO: Ignoring response <404 https://encrypted-tbn0.gstatic.com/images?q=tbn:and9gcsadxks0wnvode4ncpzzupygneila4ob8lmxv_ip4pemnhqnv22pyankjoz&s%22,>: HTTP status code is not handled or not allowed
2024-05-05 11:19:34 [scrapy.core.engine] DEBUG: Crawled (404) <GET https://encrypted-tbn0.gstatic.com/images?q=tbn:and9gcq_iofix2l06k65ndfbzzwg64nub4uqtvsj4owvjnjydmimvcaxyj8fpks&s%22,> (referer: https://www.googleapis.com/customsearch/v1?key=AIzaSyB4dnSFOXIY2o6Ujl-wD212RlxklfrlNyo&cx=c0efd18568f864abd&q=react)
2024-05-05 11:19:34 [scrapy.spidermiddlewares.httperror] INFO: Ignoring response <404 https://encrypted-tbn0.gstatic.com/images?q=tbn:and9gcq_iofix2l06k65ndfbzzwg64nub4uqtvsj4owvjnjydmimvcaxyj8fpks&s%22,>: HTTP status code is not handled or not allowed
2024-05-05 11:19:34 [scrapy.core.engine] DEBUG: Crawled (400) <GET https://lh3.googleusercontent.com/robots.txt> (referer: None)
2024-05-05 11:19:34 [protego] DEBUG: Rule at line 7 without any user agent to enforce it on.
2024-05-05 11:19:35 [scrapy.core.engine] DEBUG: Crawled (200) <GET https://collector.github.com/robots.txt> (referer: None)
2024-05-05 11:19:35 [scrapy.core.engine] DEBUG: Crawled (404) <GET https://encrypted-tbn0.gstatic.com/images?q=tbn:and9gcrflvx0jybf0zbltbdwf7kqq4wzdqswr4eo5gjk99urx98x2wtkc1dgeast&s%22,> (referer: https://www.googleapis.com/customsearch/v1?key=AIzaSyB4dnSFOXIY2o6Ujl-wD212RlxklfrlNyo&cx=c0efd18568f864abd&q=react)
2024-05-05 11:19:35 [scrapy.spidermiddlewares.httperror] INFO: Ignoring response <404 https://encrypted-tbn0.gstatic.com/images?q=tbn:and9gcrflvx0jybf0zbltbdwf7kqq4wzdqswr4eo5gjk99urx98x2wtkc1dgeast&s%22,>: HTTP status code is not handled or not allowed
2024-05-05 11:19:35 [scrapy.core.engine] DEBUG: Crawled (404) <GET https://encrypted-tbn0.gstatic.com/images?q=tbn:and9gcsrlqf2kmixxqysubpeqgwt-_ifmeotu0ugah1girjdcp2bjetzgus8plg&s%22,> (referer: https://www.googleapis.com/customsearch/v1?key=AIzaSyB4dnSFOXIY2o6Ujl-wD212RlxklfrlNyo&cx=c0efd18568f864abd&q=react)
2024-05-05 11:19:35 [scrapy.spidermiddlewares.httperror] INFO: Ignoring response <404 https://encrypted-tbn0.gstatic.com/images?q=tbn:and9gcsrlqf2kmixxqysubpeqgwt-_ifmeotu0ugah1girjdcp2bjetzgus8plg&s%22,>: HTTP status code is not handled or not allowed
2024-05-05 11:19:35 [scrapy.core.engine] DEBUG: Crawled (404) <GET https://collector.github.com/github/collect%22,> (referer: https://www.googleapis.com/customsearch/v1?key=AIzaSyB4dnSFOXIY2o6Ujl-wD212RlxklfrlNyo&cx=c0efd18568f864abd&q=react)
2024-05-05 11:19:35 [scrapy.spidermiddlewares.httperror] INFO: Ignoring response <404 https://collector.github.com/github/collect%22,>: HTTP status code is not handled or not allowed
2024-05-05 11:19:35 [scrapy.downloadermiddlewares.redirect] DEBUG: Redirecting (301) to <GET https://schema.org/robots.txt> from <GET http://schema.org/robots.txt>
2024-05-05 11:19:35 [scrapy.core.engine] DEBUG: Crawled (400) <GET https://lh3.googleusercontent.com/tnijzw_gp9mz3eqxkve0ywdeihv-a2ipspd6ijzrv3y76gjcleyzx2regtlemxzbhbhvqkkuxnnwdt34cp4snh-y=w128-h128-e365-rj-sc0x00ffffff%22> (referer: https://www.googleapis.com/customsearch/v1?key=AIzaSyB4dnSFOXIY2o6Ujl-wD212RlxklfrlNyo&cx=c0efd18568f864abd&q=react)
2024-05-05 11:19:36 [scrapy.spidermiddlewares.httperror] INFO: Ignoring response <400 https://lh3.googleusercontent.com/tnijzw_gp9mz3eqxkve0ywdeihv-a2ipspd6ijzrv3y76gjcleyzx2regtlemxzbhbhvqkkuxnnwdt34cp4snh-y=w128-h128-e365-rj-sc0x00ffffff%22>: HTTP status code is not handled or not allowed
2024-05-05 11:19:36 [scrapy.core.engine] DEBUG: Crawled (400) <GET https://lh3.googleusercontent.com/tnijzw_gp9mz3eqxkve0ywdeihv-a2ipspd6ijzrv3y76gjcleyzx2regtlemxzbhbhvqkkuxnnwdt34cp4snh-y=w128-h128-e365-rj-sc0x00ffffff%22,> (referer: https://www.googleapis.com/customsearch/v1?key=AIzaSyB4dnSFOXIY2o6Ujl-wD212RlxklfrlNyo&cx=c0efd18568f864abd&q=react)
2024-05-05 11:19:36 [scrapy.spidermiddlewares.httperror] INFO: Ignoring response <400 https://lh3.googleusercontent.com/tnijzw_gp9mz3eqxkve0ywdeihv-a2ipspd6ijzrv3y76gjcleyzx2regtlemxzbhbhvqkkuxnnwdt34cp4snh-y=w128-h128-e365-rj-sc0x00ffffff%22,>: HTTP status code is not handled or not allowed
2024-05-05 11:19:36 [scrapy.core.engine] DEBUG: Crawled (200) <GET https://chrome.google.com/robots.txt> (referer: None)
2024-05-05 11:19:36 [scrapy.core.engine] DEBUG: Crawled (200) <GET https://schema.org/robots.txt> (referer: None)
2024-05-05 11:19:36 [scrapy.core.engine] DEBUG: Crawled (404) <GET https://chrome.google.com/.../%5Cu003cb%5Cu003ereact%5Cu003c/b%5Cu003e.../fmkadmapgofadopljbjfkapdkoienihi%22,> (referer: https://www.googleapis.com/customsearch/v1?key=AIzaSyB4dnSFOXIY2o6Ujl-wD212RlxklfrlNyo&cx=c0efd18568f864abd&q=react)
2024-05-05 11:19:36 [scrapy.spidermiddlewares.httperror] INFO: Ignoring response <404 https://chrome.google.com/.../%5Cu003cb%5Cu003ereact%5Cu003c/b%5Cu003e.../fmkadmapgofadopljbjfkapdkoienihi%22,>: HTTP status code is not handled or not allowed
2024-05-05 11:19:36 [scrapy.core.engine] DEBUG: Crawled (404) <GET https://tkdodo.eu/robots.txt> (referer: None)
2024-05-05 11:19:36 [protego] DEBUG: Rule at line 8 without any user agent to enforce it on.
2024-05-05 11:19:36 [protego] DEBUG: Rule at line 11 without any user agent to enforce it on.
2024-05-05 11:19:36 [protego] DEBUG: Rule at line 12 without any user agent to enforce it on.
2024-05-05 11:19:36 [protego] DEBUG: Rule at line 13 without any user agent to enforce it on.
2024-05-05 11:19:36 [protego] DEBUG: Rule at line 14 without any user agent to enforce it on.
2024-05-05 11:19:36 [protego] DEBUG: Rule at line 15 without any user agent to enforce it on.
2024-05-05 11:19:36 [protego] DEBUG: Rule at line 16 without any user agent to enforce it on.
2024-05-05 11:19:36 [protego] DEBUG: Rule at line 20 without any user agent to enforce it on.
2024-05-05 11:19:36 [protego] DEBUG: Rule at line 21 without any user agent to enforce it on.
2024-05-05 11:19:36 [protego] DEBUG: Rule at line 22 without any user agent to enforce it on.
2024-05-05 11:19:36 [protego] DEBUG: Rule at line 26 without any user agent to enforce it on.
2024-05-05 11:19:36 [protego] DEBUG: Rule at line 27 without any user agent to enforce it on.
2024-05-05 11:19:36 [protego] DEBUG: Rule at line 28 without any user agent to enforce it on.
2024-05-05 11:19:36 [protego] DEBUG: Rule at line 29 without any user agent to enforce it on.
2024-05-05 11:19:36 [protego] DEBUG: Rule at line 30 without any user agent to enforce it on.
2024-05-05 11:19:36 [protego] DEBUG: Rule at line 31 without any user agent to enforce it on.
2024-05-05 11:19:36 [protego] DEBUG: Rule at line 32 without any user agent to enforce it on.
2024-05-05 11:19:36 [protego] DEBUG: Rule at line 36 without any user agent to enforce it on.
2024-05-05 11:19:36 [protego] DEBUG: Rule at line 37 without any user agent to enforce it on.
2024-05-05 11:19:36 [protego] DEBUG: Rule at line 38 without any user agent to enforce it on.
2024-05-05 11:19:36 [protego] DEBUG: Rule at line 39 without any user agent to enforce it on.
2024-05-05 11:19:36 [protego] DEBUG: Rule at line 40 without any user agent to enforce it on.
2024-05-05 11:19:36 [protego] DEBUG: Rule at line 41 without any user agent to enforce it on.
2024-05-05 11:19:36 [protego] DEBUG: Rule at line 42 without any user agent to enforce it on.
2024-05-05 11:19:36 [protego] DEBUG: Rule at line 43 without any user agent to enforce it on.
2024-05-05 11:19:36 [protego] DEBUG: Rule at line 44 without any user agent to enforce it on.
2024-05-05 11:19:36 [protego] DEBUG: Rule at line 45 without any user agent to enforce it on.
2024-05-05 11:19:36 [protego] DEBUG: Rule at line 49 without any user agent to enforce it on.
2024-05-05 11:19:36 [protego] DEBUG: Rule at line 50 without any user agent to enforce it on.
2024-05-05 11:19:36 [protego] DEBUG: Rule at line 51 without any user agent to enforce it on.
2024-05-05 11:19:36 [protego] DEBUG: Rule at line 56 without any user agent to enforce it on.
2024-05-05 11:19:36 [protego] DEBUG: Rule at line 57 without any user agent to enforce it on.
2024-05-05 11:19:36 [protego] DEBUG: Rule at line 60 without any user agent to enforce it on.
2024-05-05 11:19:36 [protego] DEBUG: Rule at line 61 without any user agent to enforce it on.
2024-05-05 11:19:36 [protego] DEBUG: Rule at line 62 without any user agent to enforce it on.
2024-05-05 11:19:36 [protego] DEBUG: Rule at line 65 without any user agent to enforce it on.
2024-05-05 11:19:36 [protego] DEBUG: Rule at line 69 without any user agent to enforce it on.
2024-05-05 11:19:36 [protego] DEBUG: Rule at line 70 without any user agent to enforce it on.
2024-05-05 11:19:36 [protego] DEBUG: Rule at line 85 without any user agent to enforce it on.
2024-05-05 11:19:36 [protego] DEBUG: Rule at line 91 without any user agent to enforce it on.
2024-05-05 11:19:36 [protego] DEBUG: Rule at line 98 without any user agent to enforce it on.
2024-05-05 11:19:37 [scrapy.downloadermiddlewares.redirect] DEBUG: Redirecting (301) to <GET https://schema.org/otherapplication%22,> from <GET http://schema.org/otherapplication%22,>
2024-05-05 11:19:37 [scrapy.downloadermiddlewares.redirect] DEBUG: Redirecting (301) to <GET https://schema.org/instock%22> from <GET http://schema.org/instock%22>
2024-05-05 11:19:37 [scrapy.core.engine] DEBUG: Crawled (404) <GET https://tkdodo.eu/blog/og-images/practical-react-query.png%22> (referer: https://www.googleapis.com/customsearch/v1?key=AIzaSyB4dnSFOXIY2o6Ujl-wD212RlxklfrlNyo&cx=c0efd18568f864abd&q=react)
2024-05-05 11:19:37 [scrapy.spidermiddlewares.httperror] INFO: Ignoring response <404 https://tkdodo.eu/blog/og-images/practical-react-query.png%22>: HTTP status code is not handled or not allowed
2024-05-05 11:19:37 [scrapy.core.engine] DEBUG: Crawled (404) <GET https://schema.org/otherapplication%22,> (referer: None)
2024-05-05 11:19:37 [scrapy.spidermiddlewares.httperror] INFO: Ignoring response <404 https://schema.org/otherapplication%22,>: HTTP status code is not handled or not allowed
2024-05-05 11:19:37 [scrapy.core.engine] DEBUG: Crawled (404) <GET https://tkdodo.eu/blog/practical-react-query%22,> (referer: https://www.googleapis.com/customsearch/v1?key=AIzaSyB4dnSFOXIY2o6Ujl-wD212RlxklfrlNyo&cx=c0efd18568f864abd&q=react)
2024-05-05 11:19:37 [scrapy.core.engine] DEBUG: Crawled (404) <GET https://github.com/facebook/react.git%22,> (referer: https://www.googleapis.com/customsearch/v1?key=AIzaSyB4dnSFOXIY2o6Ujl-wD212RlxklfrlNyo&cx=c0efd18568f864abd&q=react)
2024-05-05 11:19:37 [scrapy.core.engine] DEBUG: Crawled (404) <GET https://encrypted-tbn0.gstatic.com/images?q=tbn:and9gcqryf3k1bnnczjnc_qykh0ceeiuukby9ldd25egoztcjyowrlq16mtvnq3n&s%22,> (referer: https://www.googleapis.com/customsearch/v1?key=AIzaSyB4dnSFOXIY2o6Ujl-wD212RlxklfrlNyo&cx=c0efd18568f864abd&q=react)
2024-05-05 11:19:38 [scrapy.core.engine] DEBUG: Crawled (404) <GET https://chrome.google.com/.../react.../fmkadmapgofadopljbjfkapdkoienihi%22,> (referer: https://www.googleapis.com/customsearch/v1?key=AIzaSyB4dnSFOXIY2o6Ujl-wD212RlxklfrlNyo&cx=c0efd18568f864abd&q=react)
2024-05-05 11:19:38 [scrapy.spidermiddlewares.httperror] INFO: Ignoring response <404 https://tkdodo.eu/blog/practical-react-query%22,>: HTTP status code is not handled or not allowed
2024-05-05 11:19:38 [scrapy.spidermiddlewares.httperror] INFO: Ignoring response <404 https://github.com/facebook/react.git%22,>: HTTP status code is not handled or not allowed
2024-05-05 11:19:38 [scrapy.spidermiddlewares.httperror] INFO: Ignoring response <404 https://encrypted-tbn0.gstatic.com/images?q=tbn:and9gcqryf3k1bnnczjnc_qykh0ceeiuukby9ldd25egoztcjyowrlq16mtvnq3n&s%22,>: HTTP status code is not handled or not allowed
2024-05-05 11:19:38 [scrapy.spidermiddlewares.httperror] INFO: Ignoring response <404 https://chrome.google.com/.../react.../fmkadmapgofadopljbjfkapdkoienihi%22,>: HTTP status code is not handled or not allowed
2024-05-05 11:19:38 [scrapy.core.engine] DEBUG: Crawled (404) <GET https://chrome.google.com/webstore/detail/react-developer-tools/fmkadmapgofadopljbjfkapdkoienihi%22,> (referer: https://www.googleapis.com/customsearch/v1?key=AIzaSyB4dnSFOXIY2o6Ujl-wD212RlxklfrlNyo&cx=c0efd18568f864abd&q=react)
2024-05-05 11:19:38 [scrapy.core.engine] DEBUG: Crawled (404) <GET https://schema.org/instock%22> (referer: None)
2024-05-05 11:19:38 [scrapy.spidermiddlewares.httperror] INFO: Ignoring response <404 https://chrome.google.com/webstore/detail/react-developer-tools/fmkadmapgofadopljbjfkapdkoienihi%22,>: HTTP status code is not handled or not allowed
2024-05-05 11:19:38 [scrapy.spidermiddlewares.httperror] INFO: Ignoring response <404 https://schema.org/instock%22>: HTTP status code is not handled or not allowed
2024-05-05 11:19:39 [scrapy.core.engine] DEBUG: Crawled (404) <GET https://tkdodo.eu/blog/practical-react-query%22> (referer: https://www.googleapis.com/customsearch/v1?key=AIzaSyB4dnSFOXIY2o6Ujl-wD212RlxklfrlNyo&cx=c0efd18568f864abd&q=react)
2024-05-05 11:19:39 [scrapy.core.engine] DEBUG: Crawled (200) <GET https://styles.redditmedia.com/robots.txt> (referer: None)
2024-05-05 11:19:39 [scrapy.downloadermiddlewares.robotstxt] DEBUG: Forbidden by robots.txt: <GET https://styles.redditmedia.com/t5_2zldd/styles/communityicon_fbblpo38vy941.png%22>
2024-05-05 11:19:39 [scrapy.downloadermiddlewares.robotstxt] DEBUG: Forbidden by robots.txt: <GET https://styles.redditmedia.com/t5_2zldd/styles/communityicon_fbblpo38vy941.png%22,>
2024-05-05 11:19:39 [scrapy.spidermiddlewares.httperror] INFO: Ignoring response <404 https://tkdodo.eu/blog/practical-react-query%22>: HTTP status code is not handled or not allowed
2024-05-05 11:19:39 [scrapy.core.engine] DEBUG: Crawled (404) <GET https://tkdodo.eu/blog/og-images/practical-react-query.png%22,> (referer: https://www.googleapis.com/customsearch/v1?key=AIzaSyB4dnSFOXIY2o6Ujl-wD212RlxklfrlNyo&cx=c0efd18568f864abd&q=react)
2024-05-05 11:19:39 [scrapy.core.engine] DEBUG: Crawled (200) <GET https://www.reddit.com/robots.txt> (referer: None)
2024-05-05 11:19:39 [scrapy.core.engine] DEBUG: Crawled (404) <GET https://encrypted-tbn0.gstatic.com/images?q=tbn:and9gcthture2dui6lkv0e3iwhoxreupeq2x8cpefushhqaenvqiqrrbl351j-xm&s%22,> (referer: https://www.googleapis.com/customsearch/v1?key=AIzaSyB4dnSFOXIY2o6Ujl-wD212RlxklfrlNyo&cx=c0efd18568f864abd&q=react)
2024-05-05 11:19:39 [scrapy.spidermiddlewares.httperror] INFO: Ignoring response <404 https://tkdodo.eu/blog/og-images/practical-react-query.png%22,>: HTTP status code is not handled or not allowed
2024-05-05 11:19:39 [scrapy.spidermiddlewares.httperror] INFO: Ignoring response <404 https://encrypted-tbn0.gstatic.com/images?q=tbn:and9gcthture2dui6lkv0e3iwhoxreupeq2x8cpefushhqaenvqiqrrbl351j-xm&s%22,>: HTTP status code is not handled or not allowed
2024-05-05 11:19:39 [scrapy.core.engine] DEBUG: Crawled (200) <GET https://blog.cassidoo.co/robots.txt> (referer: None)
2024-05-05 11:19:40 [scrapy.core.engine] DEBUG: Crawled (404) <GET https://github.com/remix-run/%5Cu003cb%5Cu003ereact%5Cu003c/b%5Cu003e-router%22,> (referer: https://www.googleapis.com/customsearch/v1?key=AIzaSyB4dnSFOXIY2o6Ujl-wD212RlxklfrlNyo&cx=c0efd18568f864abd&q=react)
2024-05-05 11:19:40 [scrapy.core.engine] DEBUG: Crawled (404) <GET https://blog.cassidoo.co/home-blog-card.png%22> (referer: https://www.googleapis.com/customsearch/v1?key=AIzaSyB4dnSFOXIY2o6Ujl-wD212RlxklfrlNyo&cx=c0efd18568f864abd&q=react)
2024-05-05 11:19:40 [scrapy.spidermiddlewares.httperror] INFO: Ignoring response <404 https://github.com/remix-run/%5Cu003cb%5Cu003ereact%5Cu003c/b%5Cu003e-router%22,>: HTTP status code is not handled or not allowed
2024-05-05 11:19:40 [scrapy.spidermiddlewares.httperror] INFO: Ignoring response <404 https://blog.cassidoo.co/home-blog-card.png%22>: HTTP status code is not handled or not allowed
2024-05-05 11:19:40 [scrapy.core.engine] DEBUG: Crawled (404) <GET https://blog.cassidoo.co/post/annoyed-at-%5Cu003cb%5Cu003ereact%5Cu003c/b%5Cu003e/%22,> (referer: https://www.googleapis.com/customsearch/v1?key=AIzaSyB4dnSFOXIY2o6Ujl-wD212RlxklfrlNyo&cx=c0efd18568f864abd&q=react)
2024-05-05 11:19:40 [scrapy.core.engine] DEBUG: Crawled (404) <GET https://encrypted-tbn0.gstatic.com/images?q=tbn:and9gcqxrasttmqipsndmv842tbv8k2t9joqesqfn-513f9xfmkfnj6m0nbcv3vf&s%22,> (referer: https://www.googleapis.com/customsearch/v1?key=AIzaSyB4dnSFOXIY2o6Ujl-wD212RlxklfrlNyo&cx=c0efd18568f864abd&q=react)
2024-05-05 11:19:40 [scrapy.spidermiddlewares.httperror] INFO: Ignoring response <404 https://blog.cassidoo.co/post/annoyed-at-%5Cu003cb%5Cu003ereact%5Cu003c/b%5Cu003e/%22,>: HTTP status code is not handled or not allowed
2024-05-05 11:19:40 [scrapy.spidermiddlewares.httperror] INFO: Ignoring response <404 https://encrypted-tbn0.gstatic.com/images?q=tbn:and9gcqxrasttmqipsndmv842tbv8k2t9joqesqfn-513f9xfmkfnj6m0nbcv3vf&s%22,>: HTTP status code is not handled or not allowed
2024-05-05 11:19:40 [scrapy.core.engine] DEBUG: Crawled (404) <GET https://react.dev/learn/tutorial-tic-tac-toe%22> (referer: https://www.googleapis.com/customsearch/v1?key=AIzaSyB4dnSFOXIY2o6Ujl-wD212RlxklfrlNyo&cx=c0efd18568f864abd&q=react)
2024-05-05 11:19:40 [scrapy.spidermiddlewares.httperror] INFO: Ignoring response <404 https://react.dev/learn/tutorial-tic-tac-toe%22>: HTTP status code is not handled or not allowed
2024-05-05 11:19:41 [scrapy.core.engine] DEBUG: Crawled (404) <GET https://blog.cassidoo.co/post/annoyed-at-react/%22,> (referer: https://www.googleapis.com/customsearch/v1?key=AIzaSyB4dnSFOXIY2o6Ujl-wD212RlxklfrlNyo&cx=c0efd18568f864abd&q=react)
2024-05-05 11:19:41 [scrapy.core.engine] DEBUG: Crawled (404) <GET https://blog.cassidoo.co/home-blog-card.png%22,> (referer: https://www.googleapis.com/customsearch/v1?key=AIzaSyB4dnSFOXIY2o6Ujl-wD212RlxklfrlNyo&cx=c0efd18568f864abd&q=react)
2024-05-05 11:19:41 [scrapy.core.engine] DEBUG: Crawled (404) <GET https://blog.cassidoo.co/post/annoyed-at-react/%22> (referer: https://www.googleapis.com/customsearch/v1?key=AIzaSyB4dnSFOXIY2o6Ujl-wD212RlxklfrlNyo&cx=c0efd18568f864abd&q=react)
2024-05-05 11:19:41 [scrapy.core.scraper] ERROR: Error downloading <GET https://\u003cb\u003ereact\u003c/b%5Cu003e.dev/learn/tutorial-tic-tac-toe%22,>
Traceback (most recent call last):
  File "C:\Users\hriti\Desktop\Mail_scrapper\Mail_scrapper\Lib\site-packages\twisted\internet\defer.py", line 1999, in _inlineCallbacks
    result = context.run(
  File "C:\Users\hriti\Desktop\Mail_scrapper\Mail_scrapper\Lib\site-packages\twisted\python\failure.py", line 519, in throwExceptionIntoGenerator
    return g.throw(self.value.with_traceback(self.tb))
  File "C:\Users\hriti\Desktop\Mail_scrapper\Mail_scrapper\Lib\site-packages\scrapy\core\downloader\middleware.py", line 54, in process_request
    return (yield download_func(request=request, spider=spider))
  File "C:\Users\hriti\Desktop\Mail_scrapper\Mail_scrapper\Lib\site-packages\scrapy\utils\defer.py", line 81, in mustbe_deferred
    result = f(*args, **kw)
  File "C:\Users\hriti\Desktop\Mail_scrapper\Mail_scrapper\Lib\site-packages\scrapy\core\downloader\handlers\__init__.py", line 86, in download_request
    return cast(Deferred, handler.download_request(request, spider))
  File "C:\Users\hriti\Desktop\Mail_scrapper\Mail_scrapper\Lib\site-packages\scrapy\core\downloader\handlers\http11.py", line 72, in download_request
    return agent.download_request(request)
  File "C:\Users\hriti\Desktop\Mail_scrapper\Mail_scrapper\Lib\site-packages\scrapy\core\downloader\handlers\http11.py", line 375, in download_request
    d = agent.request(
  File "C:\Users\hriti\Desktop\Mail_scrapper\Mail_scrapper\Lib\site-packages\twisted\web\client.py", line 1166, in request
    endpoint = self._getEndpoint(parsedURI)
  File "C:\Users\hriti\Desktop\Mail_scrapper\Mail_scrapper\Lib\site-packages\twisted\web\client.py", line 1150, in _getEndpoint
    return self._endpointFactory.endpointForURI(uri)
  File "C:\Users\hriti\Desktop\Mail_scrapper\Mail_scrapper\Lib\site-packages\twisted\web\client.py", line 1021, in endpointForURI
    connectionCreator = self._policyForHTTPS.creatorForNetloc(
  File "C:\Users\hriti\Desktop\Mail_scrapper\Mail_scrapper\Lib\site-packages\scrapy\core\downloader\contextfactory.py", line 105, in creatorForNetloc
    return ScrapyClientTLSOptions(
  File "C:\Users\hriti\Desktop\Mail_scrapper\Mail_scrapper\Lib\site-packages\scrapy\core\downloader\tls.py", line 44, in __init__
    super().__init__(hostname, ctx)
  File "C:\Users\hriti\Desktop\Mail_scrapper\Mail_scrapper\Lib\site-packages\twisted\internet\_sslverify.py", line 1122, in __init__
    self._hostnameBytes = _idnaBytes(hostname)
  File "C:\Users\hriti\Desktop\Mail_scrapper\Mail_scrapper\Lib\site-packages\twisted\internet\_idna.py", line 31, in _idnaBytes
    return idna.encode(text)
  File "C:\Users\hriti\Desktop\Mail_scrapper\Mail_scrapper\Lib\site-packages\idna\core.py", line 355, in encode
    s = alabel(label)
  File "C:\Users\hriti\Desktop\Mail_scrapper\Mail_scrapper\Lib\site-packages\idna\core.py", line 258, in alabel
    ulabel(label_bytes)
  File "C:\Users\hriti\Desktop\Mail_scrapper\Mail_scrapper\Lib\site-packages\idna\core.py", line 292, in ulabel
    check_label(label_bytes)
  File "C:\Users\hriti\Desktop\Mail_scrapper\Mail_scrapper\Lib\site-packages\idna\core.py", line 250, in check_label
    raise InvalidCodepoint('Codepoint {} at position {} of {} not allowed'.format(_unot(cp_value), pos+1, repr(label)))
idna.core.InvalidCodepoint: Codepoint U+005C at position 1 of '\\u003cb\\u003ereact\\u003c' not allowed
2024-05-05 11:19:41 [scrapy.spidermiddlewares.httperror] INFO: Ignoring response <404 https://blog.cassidoo.co/post/annoyed-at-react/%22,>: HTTP status code is not handled or not allowed
2024-05-05 11:19:41 [scrapy.spidermiddlewares.httperror] INFO: Ignoring response <404 https://blog.cassidoo.co/home-blog-card.png%22,>: HTTP status code is not handled or not allowed
2024-05-05 11:19:41 [scrapy.spidermiddlewares.httperror] INFO: Ignoring response <404 https://blog.cassidoo.co/post/annoyed-at-react/%22>: HTTP status code is not handled or not allowed
2024-05-05 11:19:41 [scrapy.core.engine] DEBUG: Crawled (404) <GET https://react.dev/learn/tutorial-tic-tac-toe%22,> (referer: https://www.googleapis.com/customsearch/v1?key=AIzaSyB4dnSFOXIY2o6Ujl-wD212RlxklfrlNyo&cx=c0efd18568f864abd&q=react)
2024-05-05 11:19:41 [scrapy.spidermiddlewares.httperror] INFO: Ignoring response <404 https://react.dev/learn/tutorial-tic-tac-toe%22,>: HTTP status code is not handled or not allowed
2024-05-05 11:19:41 [scrapy.core.engine] DEBUG: Crawled (404) <GET https://www.reddit.com/r/%5Cu003cb%5Cu003ereact%5Cu003c/b%5Cu003ejs/%22,> (referer: https://www.googleapis.com/customsearch/v1?key=AIzaSyB4dnSFOXIY2o6Ujl-wD212RlxklfrlNyo&cx=c0efd18568f864abd&q=react)
2024-05-05 11:19:41 [scrapy.core.engine] DEBUG: Crawled (404) <GET https://www.reddit.com/r/reactjs/%22> (referer: https://www.googleapis.com/customsearch/v1?key=AIzaSyB4dnSFOXIY2o6Ujl-wD212RlxklfrlNyo&cx=c0efd18568f864abd&q=react)
2024-05-05 11:19:41 [scrapy.core.engine] DEBUG: Crawled (404) <GET https://www.reddit.com/r/reactjs/%22,> (referer: https://www.googleapis.com/customsearch/v1?key=AIzaSyB4dnSFOXIY2o6Ujl-wD212RlxklfrlNyo&cx=c0efd18568f864abd&q=react)
2024-05-05 11:19:41 [scrapy.spidermiddlewares.httperror] INFO: Ignoring response <404 https://www.reddit.com/r/%5Cu003cb%5Cu003ereact%5Cu003c/b%5Cu003ejs/%22,>: HTTP status code is not handled or not allowed
2024-05-05 11:19:41 [scrapy.spidermiddlewares.httperror] INFO: Ignoring response <404 https://www.reddit.com/r/reactjs/%22>: HTTP status code is not handled or not allowed
2024-05-05 11:19:41 [scrapy.spidermiddlewares.httperror] INFO: Ignoring response <404 https://www.reddit.com/r/reactjs/%22,>: HTTP status code is not handled or not allowed
2024-05-05 11:19:41 [scrapy.core.engine] DEBUG: Crawled (404) <GET https://react.dev/learn%22,> (referer: https://www.googleapis.com/customsearch/v1?key=AIzaSyB4dnSFOXIY2o6Ujl-wD212RlxklfrlNyo&cx=c0efd18568f864abd&q=react)
2024-05-05 11:19:42 [scrapy.core.engine] DEBUG: Crawled (404) <GET https://github.com/facebook/react%22,> (referer: https://www.googleapis.com/customsearch/v1?key=AIzaSyB4dnSFOXIY2o6Ujl-wD212RlxklfrlNyo&cx=c0efd18568f864abd&q=react)
2024-05-05 11:19:42 [scrapy.core.engine] DEBUG: Crawled (404) <GET https://github.com/remix-run/react-router.git%22,> (referer: https://www.googleapis.com/customsearch/v1?key=AIzaSyB4dnSFOXIY2o6Ujl-wD212RlxklfrlNyo&cx=c0efd18568f864abd&q=react)
2024-05-05 11:19:42 [scrapy.spidermiddlewares.httperror] INFO: Ignoring response <404 https://react.dev/learn%22,>: HTTP status code is not handled or not allowed
2024-05-05 11:19:42 [scrapy.spidermiddlewares.httperror] INFO: Ignoring response <404 https://github.com/facebook/react%22,>: HTTP status code is not handled or not allowed
2024-05-05 11:19:42 [scrapy.spidermiddlewares.httperror] INFO: Ignoring response <404 https://github.com/remix-run/react-router.git%22,>: HTTP status code is not handled or not allowed
2024-05-05 11:19:42 [scrapy.core.engine] DEBUG: Crawled (200) <GET https://api.github.com/robots.txt> (referer: None)
2024-05-05 11:19:42 [scrapy.core.engine] DEBUG: Crawled (404) <GET https://encrypted-tbn0.gstatic.com/images?q=tbn:and9gcs8ckj5clzitzyalmj6qzjvlno7hxtypjjlsmkgdmtqpxtycc5vbrw9z_c7&s%22,> (referer: https://www.googleapis.com/customsearch/v1?key=AIzaSyB4dnSFOXIY2o6Ujl-wD212RlxklfrlNyo&cx=c0efd18568f864abd&q=react)
2024-05-05 11:19:42 [scrapy.core.engine] DEBUG: Crawled (200) <GET https://legacy.reactjs.org/robots.txt> (referer: None)
2024-05-05 11:19:42 [scrapy.core.engine] DEBUG: Crawled (404) <GET https://github.com/facebook/react%22> (referer: https://www.googleapis.com/customsearch/v1?key=AIzaSyB4dnSFOXIY2o6Ujl-wD212RlxklfrlNyo&cx=c0efd18568f864abd&q=react)
2024-05-05 11:19:42 [scrapy.spidermiddlewares.httperror] INFO: Ignoring response <404 https://encrypted-tbn0.gstatic.com/images?q=tbn:and9gcs8ckj5clzitzyalmj6qzjvlno7hxtypjjlsmkgdmtqpxtycc5vbrw9z_c7&s%22,>: HTTP status code is not handled or not allowed
2024-05-05 11:19:43 [scrapy.downloadermiddlewares.robotstxt] ERROR: Error downloading <GET https://legacy.\u003cb\u003ereact\u003c/robots.txt>: Codepoint U+005C at position 1 of '\\u003cb\\u003ereact\\u003c' not allowed
Traceback (most recent call last):
  File "C:\Users\hriti\Desktop\Mail_scrapper\Mail_scrapper\Lib\site-packages\twisted\internet\defer.py", line 1999, in _inlineCallbacks
    result = context.run(
  File "C:\Users\hriti\Desktop\Mail_scrapper\Mail_scrapper\Lib\site-packages\twisted\python\failure.py", line 519, in throwExceptionIntoGenerator
    return g.throw(self.value.with_traceback(self.tb))
  File "C:\Users\hriti\Desktop\Mail_scrapper\Mail_scrapper\Lib\site-packages\scrapy\core\downloader\middleware.py", line 54, in process_request
    return (yield download_func(request=request, spider=spider))
  File "C:\Users\hriti\Desktop\Mail_scrapper\Mail_scrapper\Lib\site-packages\scrapy\utils\defer.py", line 81, in mustbe_deferred
    result = f(*args, **kw)
  File "C:\Users\hriti\Desktop\Mail_scrapper\Mail_scrapper\Lib\site-packages\scrapy\core\downloader\handlers\__init__.py", line 86, in download_request
    return cast(Deferred, handler.download_request(request, spider))
  File "C:\Users\hriti\Desktop\Mail_scrapper\Mail_scrapper\Lib\site-packages\scrapy\core\downloader\handlers\http11.py", line 72, in download_request
    return agent.download_request(request)
  File "C:\Users\hriti\Desktop\Mail_scrapper\Mail_scrapper\Lib\site-packages\scrapy\core\downloader\handlers\http11.py", line 375, in download_request
    d = agent.request(
  File "C:\Users\hriti\Desktop\Mail_scrapper\Mail_scrapper\Lib\site-packages\twisted\web\client.py", line 1166, in request
    endpoint = self._getEndpoint(parsedURI)
  File "C:\Users\hriti\Desktop\Mail_scrapper\Mail_scrapper\Lib\site-packages\twisted\web\client.py", line 1150, in _getEndpoint
    return self._endpointFactory.endpointForURI(uri)
  File "C:\Users\hriti\Desktop\Mail_scrapper\Mail_scrapper\Lib\site-packages\twisted\web\client.py", line 1021, in endpointForURI
    connectionCreator = self._policyForHTTPS.creatorForNetloc(
  File "C:\Users\hriti\Desktop\Mail_scrapper\Mail_scrapper\Lib\site-packages\scrapy\core\downloader\contextfactory.py", line 105, in creatorForNetloc
    return ScrapyClientTLSOptions(
  File "C:\Users\hriti\Desktop\Mail_scrapper\Mail_scrapper\Lib\site-packages\scrapy\core\downloader\tls.py", line 44, in __init__
    super().__init__(hostname, ctx)
  File "C:\Users\hriti\Desktop\Mail_scrapper\Mail_scrapper\Lib\site-packages\twisted\internet\_sslverify.py", line 1122, in __init__
    self._hostnameBytes = _idnaBytes(hostname)
  File "C:\Users\hriti\Desktop\Mail_scrapper\Mail_scrapper\Lib\site-packages\twisted\internet\_idna.py", line 31, in _idnaBytes
    return idna.encode(text)
  File "C:\Users\hriti\Desktop\Mail_scrapper\Mail_scrapper\Lib\site-packages\idna\core.py", line 355, in encode
    s = alabel(label)
  File "C:\Users\hriti\Desktop\Mail_scrapper\Mail_scrapper\Lib\site-packages\idna\core.py", line 258, in alabel
    ulabel(label_bytes)
  File "C:\Users\hriti\Desktop\Mail_scrapper\Mail_scrapper\Lib\site-packages\idna\core.py", line 292, in ulabel
    check_label(label_bytes)
  File "C:\Users\hriti\Desktop\Mail_scrapper\Mail_scrapper\Lib\site-packages\idna\core.py", line 250, in check_label
    raise InvalidCodepoint('Codepoint {} at position {} of {} not allowed'.format(_unot(cp_value), pos+1, repr(label)))
idna.core.InvalidCodepoint: Codepoint U+005C at position 1 of '\\u003cb\\u003ereact\\u003c' not allowed
2024-05-05 11:19:43 [scrapy.core.engine] DEBUG: Crawled (404) <GET https://api.github.com/_private/browser/stats%22,> (referer: https://www.googleapis.com/customsearch/v1?key=AIzaSyB4dnSFOXIY2o6Ujl-wD212RlxklfrlNyo&cx=c0efd18568f864abd&q=react)
2024-05-05 11:19:43 [scrapy.core.engine] DEBUG: Crawled (404) <GET https://legacy.reactjs.org/logo-og.png%22> (referer: https://www.googleapis.com/customsearch/v1?key=AIzaSyB4dnSFOXIY2o6Ujl-wD212RlxklfrlNyo&cx=c0efd18568f864abd&q=react)
2024-05-05 11:19:43 [scrapy.spidermiddlewares.httperror] INFO: Ignoring response <404 https://github.com/facebook/react%22>: HTTP status code is not handled or not allowed
2024-05-05 11:19:43 [scrapy.spidermiddlewares.httperror] INFO: Ignoring response <404 https://api.github.com/_private/browser/stats%22,>: HTTP status code is not handled or not allowed
2024-05-05 11:19:43 [scrapy.spidermiddlewares.httperror] INFO: Ignoring response <404 https://legacy.reactjs.org/logo-og.png%22>: HTTP status code is not handled or not allowed
2024-05-05 11:19:43 [scrapy.core.engine] DEBUG: Crawled (404) <GET https://react.dev/images/og-home.png%22> (referer: https://www.googleapis.com/customsearch/v1?key=AIzaSyB4dnSFOXIY2o6Ujl-wD212RlxklfrlNyo&cx=c0efd18568f864abd&q=react)
2024-05-05 11:19:43 [scrapy.core.engine] DEBUG: Crawled (404) <GET https://react.dev/%22> (referer: https://www.googleapis.com/customsearch/v1?key=AIzaSyB4dnSFOXIY2o6Ujl-wD212RlxklfrlNyo&cx=c0efd18568f864abd&q=react)
2024-05-05 11:19:43 [scrapy.core.scraper] ERROR: Error downloading <GET https://legacy.\u003cb\u003ereact\u003c/b%5Cu003ejs.org/%22,>
idna.core.InvalidCodepoint: Codepoint U+005C at position 1 of '\\u003cb\\u003ereact\\u003c' not allowed

During handling of the above exception, another exception occurred:

Traceback (most recent call last):
  File "C:\Users\hriti\Desktop\Mail_scrapper\Mail_scrapper\Lib\site-packages\twisted\internet\defer.py", line 1999, in _inlineCallbacks
    result = context.run(
  File "C:\Users\hriti\Desktop\Mail_scrapper\Mail_scrapper\Lib\site-packages\twisted\python\failure.py", line 519, in throwExceptionIntoGenerator
    return g.throw(self.value.with_traceback(self.tb))
  File "C:\Users\hriti\Desktop\Mail_scrapper\Mail_scrapper\Lib\site-packages\scrapy\core\downloader\middleware.py", line 54, in process_request
    return (yield download_func(request=request, spider=spider))
  File "C:\Users\hriti\Desktop\Mail_scrapper\Mail_scrapper\Lib\site-packages\scrapy\utils\defer.py", line 81, in mustbe_deferred
    result = f(*args, **kw)
  File "C:\Users\hriti\Desktop\Mail_scrapper\Mail_scrapper\Lib\site-packages\scrapy\core\downloader\handlers\__init__.py", line 86, in download_request
    return cast(Deferred, handler.download_request(request, spider))
  File "C:\Users\hriti\Desktop\Mail_scrapper\Mail_scrapper\Lib\site-packages\scrapy\core\downloader\handlers\http11.py", line 72, in download_request
    return agent.download_request(request)
  File "C:\Users\hriti\Desktop\Mail_scrapper\Mail_scrapper\Lib\site-packages\scrapy\core\downloader\handlers\http11.py", line 375, in download_request
    d = agent.request(
  File "C:\Users\hriti\Desktop\Mail_scrapper\Mail_scrapper\Lib\site-packages\twisted\web\client.py", line 1166, in request
    endpoint = self._getEndpoint(parsedURI)
  File "C:\Users\hriti\Desktop\Mail_scrapper\Mail_scrapper\Lib\site-packages\twisted\web\client.py", line 1150, in _getEndpoint
    return self._endpointFactory.endpointForURI(uri)
  File "C:\Users\hriti\Desktop\Mail_scrapper\Mail_scrapper\Lib\site-packages\twisted\web\client.py", line 1021, in endpointForURI
    connectionCreator = self._policyForHTTPS.creatorForNetloc(
  File "C:\Users\hriti\Desktop\Mail_scrapper\Mail_scrapper\Lib\site-packages\scrapy\core\downloader\contextfactory.py", line 105, in creatorForNetloc
    return ScrapyClientTLSOptions(
  File "C:\Users\hriti\Desktop\Mail_scrapper\Mail_scrapper\Lib\site-packages\scrapy\core\downloader\tls.py", line 44, in __init__
    super().__init__(hostname, ctx)
  File "C:\Users\hriti\Desktop\Mail_scrapper\Mail_scrapper\Lib\site-packages\twisted\internet\_sslverify.py", line 1122, in __init__
    self._hostnameBytes = _idnaBytes(hostname)
  File "C:\Users\hriti\Desktop\Mail_scrapper\Mail_scrapper\Lib\site-packages\twisted\internet\_idna.py", line 31, in _idnaBytes
    return idna.encode(text)
  File "C:\Users\hriti\Desktop\Mail_scrapper\Mail_scrapper\Lib\site-packages\idna\core.py", line 355, in encode
    s = alabel(label)
  File "C:\Users\hriti\Desktop\Mail_scrapper\Mail_scrapper\Lib\site-packages\idna\core.py", line 258, in alabel
    ulabel(label_bytes)
  File "C:\Users\hriti\Desktop\Mail_scrapper\Mail_scrapper\Lib\site-packages\idna\core.py", line 292, in ulabel
    check_label(label_bytes)
  File "C:\Users\hriti\Desktop\Mail_scrapper\Mail_scrapper\Lib\site-packages\idna\core.py", line 250, in check_label
    raise InvalidCodepoint('Codepoint {} at position {} of {} not allowed'.format(_unot(cp_value), pos+1, repr(label)))
idna.core.InvalidCodepoint: Codepoint U+005C at position 1 of '\\u003cb\\u003ereact\\u003c' not allowed
2024-05-05 11:19:43 [scrapy.core.engine] DEBUG: Crawled (404) <GET https://react.dev/images/og-home.png%22,> (referer: https://www.googleapis.com/customsearch/v1?key=AIzaSyB4dnSFOXIY2o6Ujl-wD212RlxklfrlNyo&cx=c0efd18568f864abd&q=react)
2024-05-05 11:19:43 [scrapy.core.engine] DEBUG: Crawled (404) <GET https://encrypted-tbn0.gstatic.com/images?q=tbn:and9gcq_qdui7rsc34rlx5ghkinubp3pbeuk0k6_pd4dqnxhzotgtejbrnankbzd&s%22,> (referer: https://www.googleapis.com/customsearch/v1?key=AIzaSyB4dnSFOXIY2o6Ujl-wD212RlxklfrlNyo&cx=c0efd18568f864abd&q=react)
2024-05-05 11:19:43 [scrapy.spidermiddlewares.httperror] INFO: Ignoring response <404 https://react.dev/images/og-home.png%22>: HTTP status code is not handled or not allowed
2024-05-05 11:19:43 [scrapy.spidermiddlewares.httperror] INFO: Ignoring response <404 https://react.dev/%22>: HTTP status code is not handled or not allowed
2024-05-05 11:19:43 [scrapy.core.engine] DEBUG: Crawled (404) <GET https://legacy.reactjs.org/logo-og.png%22,> (referer: https://www.googleapis.com/customsearch/v1?key=AIzaSyB4dnSFOXIY2o6Ujl-wD212RlxklfrlNyo&cx=c0efd18568f864abd&q=react)
2024-05-05 11:19:43 [scrapy.spidermiddlewares.httperror] INFO: Ignoring response <404 https://react.dev/images/og-home.png%22,>: HTTP status code is not handled or not allowed
2024-05-05 11:19:43 [scrapy.core.engine] DEBUG: Crawled (404) <GET https://react.dev/%22,> (referer: https://www.googleapis.com/customsearch/v1?key=AIzaSyB4dnSFOXIY2o6Ujl-wD212RlxklfrlNyo&cx=c0efd18568f864abd&q=react)
2024-05-05 11:19:43 [scrapy.spidermiddlewares.httperror] INFO: Ignoring response <404 https://encrypted-tbn0.gstatic.com/images?q=tbn:and9gcq_qdui7rsc34rlx5ghkinubp3pbeuk0k6_pd4dqnxhzotgtejbrnankbzd&s%22,>: HTTP status code is not handled or not allowed
2024-05-05 11:19:43 [scrapy.core.engine] DEBUG: Crawled (404) <GET https://api.github.com/_private/browser/errors%22,> (referer: https://www.googleapis.com/customsearch/v1?key=AIzaSyB4dnSFOXIY2o6Ujl-wD212RlxklfrlNyo&cx=c0efd18568f864abd&q=react)
2024-05-05 11:19:43 [scrapy.core.engine] DEBUG: Crawled (404) <GET https://github.com/remix-run/react-router%22,> (referer: https://www.googleapis.com/customsearch/v1?key=AIzaSyB4dnSFOXIY2o6Ujl-wD212RlxklfrlNyo&cx=c0efd18568f864abd&q=react)
2024-05-05 11:19:43 [scrapy.core.scraper] ERROR: Error downloading <GET https://\u003cb\u003ereact\u003c/b%5Cu003e.dev/%22,>
Traceback (most recent call last):
  File "C:\Users\hriti\Desktop\Mail_scrapper\Mail_scrapper\Lib\site-packages\twisted\internet\defer.py", line 1999, in _inlineCallbacks
    result = context.run(
  File "C:\Users\hriti\Desktop\Mail_scrapper\Mail_scrapper\Lib\site-packages\twisted\python\failure.py", line 519, in throwExceptionIntoGenerator
    return g.throw(self.value.with_traceback(self.tb))
  File "C:\Users\hriti\Desktop\Mail_scrapper\Mail_scrapper\Lib\site-packages\scrapy\core\downloader\middleware.py", line 54, in process_request
    return (yield download_func(request=request, spider=spider))
  File "C:\Users\hriti\Desktop\Mail_scrapper\Mail_scrapper\Lib\site-packages\scrapy\utils\defer.py", line 81, in mustbe_deferred
    result = f(*args, **kw)
  File "C:\Users\hriti\Desktop\Mail_scrapper\Mail_scrapper\Lib\site-packages\scrapy\core\downloader\handlers\__init__.py", line 86, in download_request
    return cast(Deferred, handler.download_request(request, spider))
  File "C:\Users\hriti\Desktop\Mail_scrapper\Mail_scrapper\Lib\site-packages\scrapy\core\downloader\handlers\http11.py", line 72, in download_request
    return agent.download_request(request)
  File "C:\Users\hriti\Desktop\Mail_scrapper\Mail_scrapper\Lib\site-packages\scrapy\core\downloader\handlers\http11.py", line 375, in download_request
    d = agent.request(
  File "C:\Users\hriti\Desktop\Mail_scrapper\Mail_scrapper\Lib\site-packages\twisted\web\client.py", line 1166, in request
    endpoint = self._getEndpoint(parsedURI)
  File "C:\Users\hriti\Desktop\Mail_scrapper\Mail_scrapper\Lib\site-packages\twisted\web\client.py", line 1150, in _getEndpoint
    return self._endpointFactory.endpointForURI(uri)
  File "C:\Users\hriti\Desktop\Mail_scrapper\Mail_scrapper\Lib\site-packages\twisted\web\client.py", line 1021, in endpointForURI
    connectionCreator = self._policyForHTTPS.creatorForNetloc(
  File "C:\Users\hriti\Desktop\Mail_scrapper\Mail_scrapper\Lib\site-packages\scrapy\core\downloader\contextfactory.py", line 105, in creatorForNetloc
    return ScrapyClientTLSOptions(
  File "C:\Users\hriti\Desktop\Mail_scrapper\Mail_scrapper\Lib\site-packages\scrapy\core\downloader\tls.py", line 44, in __init__
    super().__init__(hostname, ctx)
  File "C:\Users\hriti\Desktop\Mail_scrapper\Mail_scrapper\Lib\site-packages\twisted\internet\_sslverify.py", line 1122, in __init__
    self._hostnameBytes = _idnaBytes(hostname)
  File "C:\Users\hriti\Desktop\Mail_scrapper\Mail_scrapper\Lib\site-packages\twisted\internet\_idna.py", line 31, in _idnaBytes
    return idna.encode(text)
  File "C:\Users\hriti\Desktop\Mail_scrapper\Mail_scrapper\Lib\site-packages\idna\core.py", line 355, in encode
    s = alabel(label)
  File "C:\Users\hriti\Desktop\Mail_scrapper\Mail_scrapper\Lib\site-packages\idna\core.py", line 258, in alabel
    ulabel(label_bytes)
  File "C:\Users\hriti\Desktop\Mail_scrapper\Mail_scrapper\Lib\site-packages\idna\core.py", line 292, in ulabel
    check_label(label_bytes)
  File "C:\Users\hriti\Desktop\Mail_scrapper\Mail_scrapper\Lib\site-packages\idna\core.py", line 250, in check_label
    raise InvalidCodepoint('Codepoint {} at position {} of {} not allowed'.format(_unot(cp_value), pos+1, repr(label)))
idna.core.InvalidCodepoint: Codepoint U+005C at position 1 of '\\u003cb\\u003ereact\\u003c' not allowed
2024-05-05 11:19:43 [scrapy.core.engine] DEBUG: Crawled (400) <GET https://www.googleapis.com/customsearch/v1?q=%7Bsearchterms%7D&num=%7Bcount?%7D&start=%7Bstartindex?%7D&lr=%7Blanguage?%7D&safe=%7Bsafe?%7D&cx=%7Bcx?%7D&sort=%7Bsort?%7D&filter=%7Bfilter?%7D&gl=%7Bgl?%7D&cr=%7Bcr?%7D&googlehost=%7Bgooglehost?%7D&c2coff=%7Bdisablecntwtranslation?%7D&hq=%7Bhq?%7D&hl=%7Bhl?%7D&sitesearch=%7Bsitesearch?%7D&sitesearchfilter=%7Bsitesearchfilter?%7D&exactterms=%7Bexactterms?%7D&excludeterms=%7Bexcludeterms?%7D&linksite=%7Blinksite?%7D&orterms=%7Borterms?%7D&daterestrict=%7Bdaterestrict?%7D&lowrange=%7Blowrange?%7D&highrange=%7Bhighrange?%7D&searchtype=%7Bsearchtype%7D&filetype=%7Bfiletype?%7D&rights=%7Brights?%7D&imgsize=%7Bimgsize?%7D&imgtype=%7Bimgtype?%7D&imgcolortype=%7Bimgcolortype?%7D&imgdominantcolor=%7Bimgdominantcolor?%7D&alt=json%22> (referer: https://www.googleapis.com/customsearch/v1?key=AIzaSyB4dnSFOXIY2o6Ujl-wD212RlxklfrlNyo&cx=c0efd18568f864abd&q=react)
2024-05-05 11:19:43 [scrapy.spidermiddlewares.httperror] INFO: Ignoring response <404 https://legacy.reactjs.org/logo-og.png%22,>: HTTP status code is not handled or not allowed
2024-05-05 11:19:43 [scrapy.spidermiddlewares.httperror] INFO: Ignoring response <404 https://react.dev/%22,>: HTTP status code is not handled or not allowed
2024-05-05 11:19:43 [scrapy.spidermiddlewares.httperror] INFO: Ignoring response <404 https://api.github.com/_private/browser/errors%22,>: HTTP status code is not handled or not allowed
2024-05-05 11:19:43 [scrapy.spidermiddlewares.httperror] INFO: Ignoring response <404 https://github.com/remix-run/react-router%22,>: HTTP status code is not handled or not allowed
2024-05-05 11:19:43 [scrapy.spidermiddlewares.httperror] INFO: Ignoring response <400 https://www.googleapis.com/customsearch/v1?q=%7Bsearchterms%7D&num=%7Bcount?%7D&start=%7Bstartindex?%7D&lr=%7Blanguage?%7D&safe=%7Bsafe?%7D&cx=%7Bcx?%7D&sort=%7Bsort?%7D&filter=%7Bfilter?%7D&gl=%7Bgl?%7D&cr=%7Bcr?%7D&googlehost=%7Bgooglehost?%7D&c2coff=%7Bdisablecntwtranslation?%7D&hq=%7Bhq?%7D&hl=%7Bhl?%7D&sitesearch=%7Bsitesearch?%7D&sitesearchfilter=%7Bsitesearchfilter?%7D&exactterms=%7Bexactterms?%7D&excludeterms=%7Bexcludeterms?%7D&linksite=%7Blinksite?%7D&orterms=%7Borterms?%7D&daterestrict=%7Bdaterestrict?%7D&lowrange=%7Blowrange?%7D&highrange=%7Bhighrange?%7D&searchtype=%7Bsearchtype%7D&filetype=%7Bfiletype?%7D&rights=%7Brights?%7D&imgsize=%7Bimgsize?%7D&imgtype=%7Bimgtype?%7D&imgcolortype=%7Bimgcolortype?%7D&imgdominantcolor=%7Bimgdominantcolor?%7D&alt=json%22>: HTTP status code is not handled or not allowed
2024-05-05 11:19:44 [scrapy.core.engine] DEBUG: Crawled (404) <GET https://tkdodo.eu/blog/practical-%5Cu003cb%5Cu003ereact%5Cu003c/b%5Cu003e-query%22,> (referer: https://www.googleapis.com/customsearch/v1?key=AIzaSyB4dnSFOXIY2o6Ujl-wD212RlxklfrlNyo&cx=c0efd18568f864abd&q=react)
2024-05-05 11:19:44 [scrapy.spidermiddlewares.httperror] INFO: Ignoring response <404 https://tkdodo.eu/blog/practical-%5Cu003cb%5Cu003ereact%5Cu003c/b%5Cu003e-query%22,>: HTTP status code is not handled or not allowed
2024-05-05 11:19:44 [scrapy.core.engine] DEBUG: Crawled (404) <GET https://legacy.reactjs.org/%22,> (referer: https://www.googleapis.com/customsearch/v1?key=AIzaSyB4dnSFOXIY2o6Ujl-wD212RlxklfrlNyo&cx=c0efd18568f864abd&q=react)
2024-05-05 11:19:44 [scrapy.spidermiddlewares.httperror] INFO: Ignoring response <404 https://legacy.reactjs.org/%22,>: HTTP status code is not handled or not allowed
2024-05-05 11:19:50 [scrapy.core.engine] DEBUG: Crawled (404) <GET https://github.com/facebook/%5Cu003cb%5Cu003ereact%5Cu003c/b%5Cu003e%22,> (referer: https://www.googleapis.com/customsearch/v1?key=AIzaSyB4dnSFOXIY2o6Ujl-wD212RlxklfrlNyo&cx=c0efd18568f864abd&q=react)
2024-05-05 11:19:50 [scrapy.spidermiddlewares.httperror] INFO: Ignoring response <404 https://github.com/facebook/%5Cu003cb%5Cu003ereact%5Cu003c/b%5Cu003e%22,>: HTTP status code is not handled or not allowed
2024-05-05 11:19:52 [scrapy.core.engine] DEBUG: Crawled (404) <GET https://github.com/remix-run/react-router%22> (referer: https://www.googleapis.com/customsearch/v1?key=AIzaSyB4dnSFOXIY2o6Ujl-wD212RlxklfrlNyo&cx=c0efd18568f864abd&q=react)
2024-05-05 11:19:52 [scrapy.spidermiddlewares.httperror] INFO: Ignoring response <404 https://github.com/remix-run/react-router%22>: HTTP status code is not handled or not allowed
2024-05-05 11:20:23 [scrapy.core.engine] DEBUG: Crawled (200) <GET https://opengraph.githubassets.com/robots.txt> (referer: None)
2024-05-05 11:20:23 [scrapy.robotstxt] WARNING: Failure while parsing robots.txt. File either contains garbage or is in an encoding other than UTF-8, treating it as an empty file.
Traceback (most recent call last):
  File "C:\Users\hriti\Desktop\Mail_scrapper\Mail_scrapper\Lib\site-packages\scrapy\robotstxt.py", line 15, in decode_robotstxt
    robotstxt_body = robotstxt_body.decode("utf-8")
                     ^^^^^^^^^^^^^^^^^^^^^^^^^^^^^^
UnicodeDecodeError: 'utf-8' codec can't decode byte 0x89 in position 0: invalid start byte
2024-05-05 11:20:29 [scrapy.extensions.logstats] INFO: Crawled 70 pages (at 70 pages/min), scraped 0 items (at 0 items/min)
2024-05-05 11:21:02 [scrapy.core.engine] DEBUG: Crawled (200) <GET https://opengraph.githubassets.com/7abe33c287d32e045014653335326134c1fbedd6ee08e907fdb0677432efd252/facebook/react%22,> (referer: https://www.googleapis.com/customsearch/v1?key=AIzaSyB4dnSFOXIY2o6Ujl-wD212RlxklfrlNyo&cx=c0efd18568f864abd&q=react)
2024-05-05 11:21:02 [scrapy.core.scraper] ERROR: Spider error processing <GET https://opengraph.githubassets.com/7abe33c287d32e045014653335326134c1fbedd6ee08e907fdb0677432efd252/facebook/react%22,> (referer: https://www.googleapis.com/customsearch/v1?key=AIzaSyB4dnSFOXIY2o6Ujl-wD212RlxklfrlNyo&cx=c0efd18568f864abd&q=react)
Traceback (most recent call last):
  File "C:\Users\hriti\Desktop\Mail_scrapper\Mail_scrapper\Lib\site-packages\twisted\internet\defer.py", line 1078, in _runCallbacks
    current.result = callback(  # type: ignore[misc]
                     ^^^^^^^^^^^^^^^^^^^^^^^^^^^^^^^
  File "C:\Users\hriti\Desktop\Mail_scrapper\Backend\emailtool\emailtool\spiders\email_spider.py", line 111, in parse
    if keyword.lower() in response.text.lower():
                          ^^^^^^^^^^^^^
  File "C:\Users\hriti\Desktop\Mail_scrapper\Mail_scrapper\Lib\site-packages\scrapy\http\response\__init__.py", line 137, in text
    raise AttributeError("Response content isn't text")
AttributeError: Response content isn't text
2024-05-05 11:21:29 [scrapy.extensions.logstats] INFO: Crawled 71 pages (at 1 pages/min), scraped 0 items (at 0 items/min)
2024-05-05 11:21:32 [scrapy.core.engine] DEBUG: Crawled (200) <GET https://opengraph.githubassets.com/5dd60a494a47d00b04b1e11502eb8ecce9792ee67bb617444acb69a7baa656c4/remix-run/react-router%22> (referer: https://www.googleapis.com/customsearch/v1?key=AIzaSyB4dnSFOXIY2o6Ujl-wD212RlxklfrlNyo&cx=c0efd18568f864abd&q=react)
2024-05-05 11:21:32 [scrapy.core.scraper] ERROR: Spider error processing <GET https://opengraph.githubassets.com/5dd60a494a47d00b04b1e11502eb8ecce9792ee67bb617444acb69a7baa656c4/remix-run/react-router%22> (referer: https://www.googleapis.com/customsearch/v1?key=AIzaSyB4dnSFOXIY2o6Ujl-wD212RlxklfrlNyo&cx=c0efd18568f864abd&q=react)
Traceback (most recent call last):
  File "C:\Users\hriti\Desktop\Mail_scrapper\Mail_scrapper\Lib\site-packages\twisted\internet\defer.py", line 1078, in _runCallbacks
    current.result = callback(  # type: ignore[misc]
                     ^^^^^^^^^^^^^^^^^^^^^^^^^^^^^^^
  File "C:\Users\hriti\Desktop\Mail_scrapper\Backend\emailtool\emailtool\spiders\email_spider.py", line 111, in parse
    if keyword.lower() in response.text.lower():
                          ^^^^^^^^^^^^^
  File "C:\Users\hriti\Desktop\Mail_scrapper\Mail_scrapper\Lib\site-packages\scrapy\http\response\__init__.py", line 137, in text
    raise AttributeError("Response content isn't text")
AttributeError: Response content isn't text
2024-05-05 11:21:40 [scrapy.core.engine] DEBUG: Crawled (200) <GET https://opengraph.githubassets.com/7abe33c287d32e045014653335326134c1fbedd6ee08e907fdb0677432efd252/facebook/react%22> (referer: https://www.googleapis.com/customsearch/v1?key=AIzaSyB4dnSFOXIY2o6Ujl-wD212RlxklfrlNyo&cx=c0efd18568f864abd&q=react)
2024-05-05 11:21:41 [scrapy.core.scraper] ERROR: Spider error processing <GET https://opengraph.githubassets.com/7abe33c287d32e045014653335326134c1fbedd6ee08e907fdb0677432efd252/facebook/react%22> (referer: https://www.googleapis.com/customsearch/v1?key=AIzaSyB4dnSFOXIY2o6Ujl-wD212RlxklfrlNyo&cx=c0efd18568f864abd&q=react)
Traceback (most recent call last):
  File "C:\Users\hriti\Desktop\Mail_scrapper\Mail_scrapper\Lib\site-packages\twisted\internet\defer.py", line 1078, in _runCallbacks
    current.result = callback(  # type: ignore[misc]
                     ^^^^^^^^^^^^^^^^^^^^^^^^^^^^^^^
  File "C:\Users\hriti\Desktop\Mail_scrapper\Backend\emailtool\emailtool\spiders\email_spider.py", line 111, in parse
    if keyword.lower() in response.text.lower():
                          ^^^^^^^^^^^^^
  File "C:\Users\hriti\Desktop\Mail_scrapper\Mail_scrapper\Lib\site-packages\scrapy\http\response\__init__.py", line 137, in text
    raise AttributeError("Response content isn't text")
AttributeError: Response content isn't text
2024-05-05 11:21:42 [scrapy.core.engine] DEBUG: Crawled (200) <GET https://opengraph.githubassets.com/5dd60a494a47d00b04b1e11502eb8ecce9792ee67bb617444acb69a7baa656c4/remix-run/react-router%22,> (referer: https://www.googleapis.com/customsearch/v1?key=AIzaSyB4dnSFOXIY2o6Ujl-wD212RlxklfrlNyo&cx=c0efd18568f864abd&q=react)
2024-05-05 11:21:42 [scrapy.core.scraper] ERROR: Spider error processing <GET https://opengraph.githubassets.com/5dd60a494a47d00b04b1e11502eb8ecce9792ee67bb617444acb69a7baa656c4/remix-run/react-router%22,> (referer: https://www.googleapis.com/customsearch/v1?key=AIzaSyB4dnSFOXIY2o6Ujl-wD212RlxklfrlNyo&cx=c0efd18568f864abd&q=react)
Traceback (most recent call last):
  File "C:\Users\hriti\Desktop\Mail_scrapper\Mail_scrapper\Lib\site-packages\twisted\internet\defer.py", line 1078, in _runCallbacks
    current.result = callback(  # type: ignore[misc]
                     ^^^^^^^^^^^^^^^^^^^^^^^^^^^^^^^
  File "C:\Users\hriti\Desktop\Mail_scrapper\Backend\emailtool\emailtool\spiders\email_spider.py", line 111, in parse
    if keyword.lower() in response.text.lower():
                          ^^^^^^^^^^^^^
  File "C:\Users\hriti\Desktop\Mail_scrapper\Mail_scrapper\Lib\site-packages\scrapy\http\response\__init__.py", line 137, in text
    raise AttributeError("Response content isn't text")
AttributeError: Response content isn't text
2024-05-05 11:21:42 [scrapy.core.engine] INFO: Closing spider (finished)
2024-05-05 11:21:42 [scrapy.statscollectors] INFO: Dumping Scrapy stats:
{'downloader/exception_count': 8,
 'downloader/exception_type_count/idna.core.InvalidCodepoint': 6,
 'downloader/exception_type_count/scrapy.exceptions.IgnoreRequest': 2,
 'downloader/request_bytes': 34212,
 'downloader/request_count': 83,
 'downloader/request_method_count/GET': 83,
 'downloader/response_bytes': 3629030,
 'downloader/response_count': 77,
 'downloader/response_status_count/200': 17,
 'downloader/response_status_count/301': 3,
 'downloader/response_status_count/400': 4,
 'downloader/response_status_count/404': 53,
 'dupefilter/filtered': 31,
 'elapsed_time_seconds': 133.668748,
 'finish_reason': 'finished',
 'finish_time': datetime.datetime(2024, 5, 5, 5, 51, 42, 871990, tzinfo=datetime.timezone.utc),
 'httpcompression/response_bytes': 2610477,
 'httpcompression/response_count': 44,
 'httperror/response_ignored_count': 54,
 'httperror/response_ignored_status_count/400': 3,
 'httperror/response_ignored_status_count/404': 51,
 'log_count/DEBUG': 126,
 'log_count/ERROR': 10,
 'log_count/INFO': 66,
 'log_count/WARNING': 1,
 'request_depth_max': 1,
 'response_received_count': 74,
 "robotstxt/exception_count/<class 'idna.core.InvalidCodepoint'>": 2,
 'robotstxt/forbidden': 2,
 'robotstxt/request_count': 17,
 'robotstxt/response_count': 15,
 'robotstxt/response_status_count/200': 12,
 'robotstxt/response_status_count/400': 1,
 'robotstxt/response_status_count/404': 2,
 'scheduler/dequeued': 67,
 'scheduler/dequeued/memory': 67,
 'scheduler/enqueued': 67,
 'scheduler/enqueued/memory': 67,
 'spider_exceptions/AttributeError': 4,
 'start_time': datetime.datetime(2024, 5, 5, 5, 49, 29, 203242, tzinfo=datetime.timezone.utc)}
2024-05-05 11:21:42 [scrapy.core.engine] INFO: Spider closed (finished)
